\BOOKMARK [-1][]{ctitle.-1}{\376\377\116\012\155\167\131\047\133\146\170\024\172\166\165\037\000\050\170\125\123\132\000\051\133\146\117\115\000\040\213\272\145\207\000\040\000L\000a\000T\000e\000X\000\040\152\041\147\177\117\177\165\050\171\072\117\213\145\207\150\143\000\040\000v\0002\000.\0002\000.\0000}{}% 1
\BOOKMARK [0][]{section*.2}{\376\377\144\130\000\040\211\201}{ctitle.-1}% 2
\BOOKMARK [0][]{section*.4}{\376\377\000A\000B\000S\000T\000R\000A\000C\000T}{ctitle.-1}% 3
\BOOKMARK [0][]{section*.7}{\376\377\116\073\211\201\173\046\123\367\210\150}{ctitle.-1}% 4
\BOOKMARK [0][]{chapter.1}{\376\377\173\054\116\000\172\340\000\040\152\041\147\177\116\313\176\315}{ctitle.-1}% 5
\BOOKMARK [1][]{section.1.1}{\376\377\0001\000.\0001\000\040\152\041\147\177\213\364\146\016}{chapter.1}% 6
\BOOKMARK [1][]{section.1.2}{\376\377\0001\000.\0002\000\040\166\356\137\125\121\205\133\271}{chapter.1}% 7
\BOOKMARK [1][]{section.1.3}{\376\377\0001\000.\0003\000\040\152\041\147\177\117\177\165\050}{chapter.1}% 8
\BOOKMARK [0][]{chapter.2}{\376\377\173\054\116\214\172\340\000\040\210\150\150\074\124\214\143\322\126\376}{ctitle.-1}% 9
\BOOKMARK [1][]{section.2.1}{\376\377\0002\000.\0001\000\040\210\150\150\074}{chapter.2}% 10
\BOOKMARK [1][]{section.2.2}{\376\377\0002\000.\0002\000\040\143\322\126\376}{chapter.2}% 11
\BOOKMARK [1][]{section.2.3}{\376\377\0002\000.\0003\000\040\131\032\133\120\126\376}{chapter.2}% 12
\BOOKMARK [0][]{chapter.3}{\376\377\173\054\116\011\172\340\000\040\145\160\133\146\124\214\133\232\164\006\163\257\130\203}{ctitle.-1}% 13
\BOOKMARK [1][]{section.3.1}{\376\377\0003\000.\0001\000\040\145\160\133\146\133\217\123\005}{chapter.3}% 14
\BOOKMARK [1][]{section.3.2}{\376\377\0003\000.\0002\000\040\133\232\164\006\174\173\163\257\130\203}{chapter.3}% 15
\BOOKMARK [2][-]{subsection.3.2.1}{\376\377\0003\000.\0002\000.\0001\000\040\000S\000h\000u\000T\000h\000e\000s\000i\000s\000\040\230\204\133\232\116\111\166\204\133\232\164\006\174\173\163\257\130\203}{section.3.2}% 16
\BOOKMARK [1][]{section.3.3}{\376\377\0003\000.\0003\000\040\173\227\154\325\117\052\116\343\170\001\163\257\130\203}{chapter.3}% 17
\BOOKMARK [0][]{chapter.4}{\376\377\173\054\126\333\172\340\000\040\123\302\200\003\145\207\163\056}{ctitle.-1}% 18
\BOOKMARK [0][]{section*.15}{\376\377\143\322\126\376\175\042\137\025}{ctitle.-1}% 19
\BOOKMARK [0][]{section*.17}{\376\377\210\150\150\074\175\042\137\025}{ctitle.-1}% 20
\BOOKMARK [0][]{section*.19}{\376\377\123\302\200\003\145\207\163\056}{ctitle.-1}% 21
\BOOKMARK [0][]{section*.21}{\376\377\145\073\213\373\123\132\130\353\133\146\117\115\147\037\225\364\123\326\137\227\166\204\170\024\172\166\142\020\147\234}{ctitle.-1}% 22
\BOOKMARK [0][]{section*.23}{\376\377\201\364\000\040\214\042}{ctitle.-1}% 23
\BOOKMARK [0][]{appendix.A}{\376\377\226\104\137\125\000\040\000A\000\040\176\317\121\170\116\015\173\111\137\017}{ctitle.-1}% 24
